[debug] [2021-09-30T15:47:19.134Z] ----------------------------------------------------------------------
[debug] [2021-09-30T15:47:19.240Z] Command:       /Users/tito.zwane/.nvm/versions/node/v12.13.0/bin/node /Users/tito.zwane/.nvm/versions/node/v12.13.0/bin/firebase init
[debug] [2021-09-30T15:47:19.249Z] CLI Version:   9.19.0
[debug] [2021-09-30T15:47:19.249Z] Platform:      darwin
[debug] [2021-09-30T15:47:19.249Z] Node Version:  v12.13.0
[debug] [2021-09-30T15:47:19.252Z] Time:          Thu Sep 30 2021 16:47:19 GMT+0100 (British Summer Time)
[debug] [2021-09-30T15:47:19.252Z] ----------------------------------------------------------------------
[debug] 
[debug] [2021-09-30T15:47:19.262Z] > command requires scopes: ["email","openid","https://www.googleapis.com/auth/cloudplatformprojects.readonly","https://www.googleapis.com/auth/firebase","https://www.googleapis.com/auth/cloud-platform"]
[debug] [2021-09-30T15:47:19.262Z] > authorizing via signed-in user (titozwane28@gmail.com)
[info] 
     ######## #### ########  ######## ########     ###     ######  ########
     ##        ##  ##     ## ##       ##     ##  ##   ##  ##       ##
     ######    ##  ########  ######   ########  #########  ######  ######
     ##        ##  ##    ##  ##       ##     ## ##     ##       ## ##
     ##       #### ##     ## ######## ########  ##     ##  ######  ########

You're about to initialize a Firebase project in this directory:

  /Applications/projects/cheil/AR

Before we get started, keep in mind:

  * You are currently outside your home directory

[info] 
=== Project Setup
[info] 
[info] First, let's associate this project directory with a Firebase project.
[info] You can create multiple project aliases by running firebase use --add, 
[info] but for now we'll just set up a default project.
[info] 
[info] i  If you want to create a project in a Google Cloud organization or folder, please use "firebase projects:create" instead, and return to this command when you've created the project. 
[debug] [2021-09-30T15:50:42.432Z] > refreshing access token with scopes: ["email","https://www.googleapis.com/auth/cloud-platform","https://www.googleapis.com/auth/cloudplatformprojects.readonly","https://www.googleapis.com/auth/firebase","openid"]
[debug] [2021-09-30T15:50:42.432Z] >>> HTTP REQUEST POST https://www.googleapis.com/oauth2/v3/token  
 <request body omitted>
[debug] [2021-09-30T15:50:42.529Z] <<< HTTP RESPONSE 200 {"cache-control":"no-cache, no-store, max-age=0, must-revalidate","expires":"Mon, 01 Jan 1990 00:00:00 GMT","date":"Thu, 30 Sep 2021 15:50:42 GMT","pragma":"no-cache","content-type":"application/json; charset=utf-8","vary":"X-Origin, Referer, Origin,Accept-Encoding","server":"scaffolding on HTTPServer2","x-xss-protection":"0","x-frame-options":"SAMEORIGIN","x-content-type-options":"nosniff","alt-svc":"h3=\":443\"; ma=2592000,h3-29=\":443\"; ma=2592000,h3-T051=\":443\"; ma=2592000,h3-Q050=\":443\"; ma=2592000,h3-Q046=\":443\"; ma=2592000,h3-Q043=\":443\"; ma=2592000,quic=\":443\"; ma=2592000; v=\"46,43\"","accept-ranges":"none","transfer-encoding":"chunked"}
[debug] [2021-09-30T15:50:42.565Z] >>> HTTP REQUEST POST https://cloudresourcemanager.googleapis.com/v1/projects  
 {"projectId":"arAppTito","name":"y"}
[debug] [2021-09-30T15:50:43.325Z] <<< HTTP RESPONSE 400 {"vary":"X-Origin, Referer, Origin,Accept-Encoding","content-type":"application/json; charset=UTF-8","date":"Thu, 30 Sep 2021 15:50:43 GMT","server":"ESF","cache-control":"private","x-xss-protection":"0","x-frame-options":"SAMEORIGIN","x-content-type-options":"nosniff","server-timing":"gfet4t7; dur=622","alt-svc":"h3=\":443\"; ma=2592000,h3-29=\":443\"; ma=2592000,h3-T051=\":443\"; ma=2592000,h3-Q050=\":443\"; ma=2592000,h3-Q046=\":443\"; ma=2592000,h3-Q043=\":443\"; ma=2592000,quic=\":443\"; ma=2592000; v=\"46,43\"","accept-ranges":"none","transfer-encoding":"chunked"}
[debug] [2021-09-30T15:50:43.326Z] <<< HTTP RESPONSE BODY {"error":{"code":400,"message":"Request contains an invalid argument.","status":"INVALID_ARGUMENT","details":[{"@type":"type.googleapis.com/google.rpc.BadRequest","fieldViolations":[{"field":"project_id","description":"project_id contains invalid characters"},{"field":"display_name","description":"project display name must be at least 4 characters"}]},{"@type":"type.googleapis.com/google.rpc.Help","links":[{"url":"https://cloud.google.com/resource-manager/reference/rest/v1/projects"}]}]}}
[debug] [2021-09-30T15:50:43.394Z] FirebaseError: HTTP Error: 400, Request contains an invalid argument.
    at module.exports (/Users/tito.zwane/.nvm/versions/node/v12.13.0/lib/node_modules/firebase-tools/lib/responseToError.js:38:12)
    at Request._callback (/Users/tito.zwane/.nvm/versions/node/v12.13.0/lib/node_modules/firebase-tools/lib/api.js:41:35)
    at Request.self.callback (/Users/tito.zwane/.nvm/versions/node/v12.13.0/lib/node_modules/firebase-tools/node_modules/request/request.js:185:22)
    at Request.emit (events.js:210:5)
    at Request.EventEmitter.emit (domain.js:476:20)
    at Request.<anonymous> (/Users/tito.zwane/.nvm/versions/node/v12.13.0/lib/node_modules/firebase-tools/node_modules/request/request.js:1154:10)
    at Request.emit (events.js:210:5)
    at Request.EventEmitter.emit (domain.js:476:20)
    at IncomingMessage.<anonymous> (/Users/tito.zwane/.nvm/versions/node/v12.13.0/lib/node_modules/firebase-tools/node_modules/request/request.js:1076:12)
    at Object.onceWrapper (events.js:299:28)
    at IncomingMessage.emit (events.js:215:7)
    at IncomingMessage.EventEmitter.emit (domain.js:476:20)
    at endReadableNT (_stream_readable.js:1183:12)
    at processTicksAndRejections (internal/process/task_queues.js:80:21)
[error] 
[error] Error: Failed to create project. See firebase-debug.log for more info.
[debug] [2021-09-30T15:50:56.439Z] ----------------------------------------------------------------------
[debug] [2021-09-30T15:50:56.441Z] Command:       /Users/tito.zwane/.nvm/versions/node/v12.13.0/bin/node /Users/tito.zwane/.nvm/versions/node/v12.13.0/bin/firebase init
[debug] [2021-09-30T15:50:56.442Z] CLI Version:   9.19.0
[debug] [2021-09-30T15:50:56.442Z] Platform:      darwin
[debug] [2021-09-30T15:50:56.442Z] Node Version:  v12.13.0
[debug] [2021-09-30T15:50:56.442Z] Time:          Thu Sep 30 2021 16:50:56 GMT+0100 (British Summer Time)
[debug] [2021-09-30T15:50:56.443Z] ----------------------------------------------------------------------
[debug] 
[debug] [2021-09-30T15:50:56.450Z] > command requires scopes: ["email","openid","https://www.googleapis.com/auth/cloudplatformprojects.readonly","https://www.googleapis.com/auth/firebase","https://www.googleapis.com/auth/cloud-platform"]
[debug] [2021-09-30T15:50:56.450Z] > authorizing via signed-in user (titozwane28@gmail.com)
[info] 
     ######## #### ########  ######## ########     ###     ######  ########
     ##        ##  ##     ## ##       ##     ##  ##   ##  ##       ##
     ######    ##  ########  ######   ########  #########  ######  ######
     ##        ##  ##    ##  ##       ##     ## ##     ##       ## ##
     ##       #### ##     ## ######## ########  ##     ##  ######  ########

You're about to initialize a Firebase project in this directory:

  /Applications/projects/cheil/AR

Before we get started, keep in mind:

  * You are currently outside your home directory

[info] 
=== Project Setup
[info] 
[info] First, let's associate this project directory with a Firebase project.
[info] You can create multiple project aliases by running firebase use --add, 
[info] but for now we'll just set up a default project.
[info] 
[debug] [2021-09-30T15:51:11.193Z] > refreshing access token with scopes: []
[debug] [2021-09-30T15:51:11.194Z] >>> HTTP REQUEST POST https://www.googleapis.com/oauth2/v3/token  
 <request body omitted>
[debug] [2021-09-30T15:51:11.285Z] <<< HTTP RESPONSE 200 {"expires":"Mon, 01 Jan 1990 00:00:00 GMT","date":"Thu, 30 Sep 2021 15:51:11 GMT","pragma":"no-cache","cache-control":"no-cache, no-store, max-age=0, must-revalidate","content-type":"application/json; charset=utf-8","vary":"X-Origin, Referer, Origin,Accept-Encoding","server":"scaffolding on HTTPServer2","x-xss-protection":"0","x-frame-options":"SAMEORIGIN","x-content-type-options":"nosniff","alt-svc":"h3=\":443\"; ma=2592000,h3-29=\":443\"; ma=2592000,h3-T051=\":443\"; ma=2592000,h3-Q050=\":443\"; ma=2592000,h3-Q046=\":443\"; ma=2592000,h3-Q043=\":443\"; ma=2592000,quic=\":443\"; ma=2592000; v=\"46,43\"","accept-ranges":"none","transfer-encoding":"chunked"}
[debug] [2021-09-30T15:51:11.338Z] >>> [apiv2][query] GET https://firebase.googleapis.com/v1beta1/projects pageSize=100
[debug] [2021-09-30T15:51:12.056Z] <<< [apiv2][status] GET https://firebase.googleapis.com/v1beta1/projects 200
[debug] [2021-09-30T15:51:12.056Z] <<< [apiv2][body] GET https://firebase.googleapis.com/v1beta1/projects [omitted]
[info] i  Using project artito-4dd9c (ARtito) 
[info] 
=== Hosting Setup
[info] 
[info] Your public directory is the folder (relative to your project directory) that
[info] will contain Hosting assets to be uploaded with firebase deploy. If you
[info] have a build process for your assets, use your build's output directory.
[info] 
[debug] [2021-09-30T15:51:41.771Z] >>> [apiv2][query] GET https://www.gstatic.com/firebasejs/releases.json [none]
[debug] [2021-09-30T15:51:41.833Z] <<< [apiv2][status] GET https://www.gstatic.com/firebasejs/releases.json 200
[debug] [2021-09-30T15:51:41.833Z] <<< [apiv2][body] GET https://www.gstatic.com/firebasejs/releases.json {"current":{"version":"9.1.0","browserURL":"https://www.gstatic.com/firebasejs/9.1.0/firebase.js","packageURL":"https://www.gstatic.com/firebasejs/9.1.0/firebase.tgz"},"live":{"version":"9.1","browserURL":"https://www.gstatic.com/firebasejs/live/9.1/firebase.js","packageURL":"https://www.gstatic.com/firebasejs/live/9.1/firebase.tgz"},"components":{"analytics":"https://www.gstatic.com/firebasejs/9.1.0/firebase-analytics.js","app":"https://www.gstatic.com/firebasejs/9.1.0/firebase-app.js","app-check":"https://www.gstatic.com/firebasejs/9.1.0/firebase-app-check.js","auth":"https://www.gstatic.com/firebasejs/9.1.0/firebase-auth.js","auth/cordova":"https://www.gstatic.com/firebasejs/9.1.0/firebase-auth/cordova.js","auth/react-native":"https://www.gstatic.com/firebasejs/9.1.0/firebase-auth/react-native.js","functions":"https://www.gstatic.com/firebasejs/9.1.0/firebase-functions.js","firestore":"https://www.gstatic.com/firebasejs/9.1.0/firebase-firestore.js","firestore/lite":"https://www.gstatic.com/firebasejs/9.1.0/firebase-firestore/lite.js","storage":"https://www.gstatic.com/firebasejs/9.1.0/firebase-storage.js","performance":"https://www.gstatic.com/firebasejs/9.1.0/firebase-performance.js","remote-config":"https://www.gstatic.com/firebasejs/9.1.0/firebase-remote-config.js","messaging":"https://www.gstatic.com/firebasejs/9.1.0/firebase-messaging.js","messaging/sw":"https://www.gstatic.com/firebasejs/9.1.0/firebase-messaging/sw.js","database":"https://www.gstatic.com/firebasejs/9.1.0/firebase-database.js","firestore.memory":"https://www.gstatic.com/firebasejs/9.1.0/firebase-firestore.memory.js"}}
[info] ✔  Wrote y/index.html 
[info] 
[info] i  Didn't detect a .git folder. Assuming /Applications/projects/cheil/AR is the project root. 
[info] i  Authorizing with GitHub to upload your service account to a GitHub repository's secrets store. 
[info] 
[info] Visit this URL on this device to log in:
[info] https://github.com/login/oauth/authorize?client_id=89cf50f02ac6aaed3484&state=593334299&redirect_uri=http%3A%2F%2Flocalhost%3A9005&scope=read%3Auser%20repo%20public_repo
[info] 
[info] Waiting for authentication...
[debug] [2021-09-30T15:52:17.689Z] >>> HTTP REQUEST POST https://github.com/login/oauth/access_token  
 {"client_id":"89cf50f02ac6aaed3484","client_secret":"3330d14abc895d9a74d5f17cd7a00711fa2c5bf0","code":"5bfa1d205c72ac317c56","redirect_uri":"http://localhost:9005","state":"593334299"}
[debug] [2021-09-30T15:52:17.973Z] <<< HTTP RESPONSE 200 {"server":"GitHub.com","date":"Thu, 30 Sep 2021 15:52:17 GMT","content-type":"application/json; charset=utf-8","transfer-encoding":"chunked","vary":"X-PJAX, X-PJAX-Container, Accept-Encoding, Accept, X-Requested-With","permissions-policy":"interest-cohort=()","etag":"W/\"c5ff402649246269a061b105108979cf\"","cache-control":"max-age=0, private, must-revalidate","strict-transport-security":"max-age=31536000; includeSubdomains; preload","x-frame-options":"deny","x-content-type-options":"nosniff","x-xss-protection":"0","referrer-policy":"origin-when-cross-origin, strict-origin-when-cross-origin","expect-ct":"max-age=2592000, report-uri=\"https://api.github.com/_private/browser/errors\"","content-security-policy":"default-src 'none'; base-uri 'self'; block-all-mixed-content; child-src github.com/javascripts/worker/ gist.github.com/javascripts/worker/; connect-src 'self' uploads.github.com www.githubstatus.com collector.githubapp.com api.github.com github-cloud.s3.amazonaws.com github-production-repository-file-5c1aeb.s3.amazonaws.com github-production-upload-manifest-file-7fdce7.s3.amazonaws.com github-production-user-asset-6210df.s3.amazonaws.com cdn.optimizely.com logx.optimizely.com/v1/events translator.github.com wss://alive.github.com; font-src github.githubassets.com; form-action 'self' github.com gist.github.com; frame-ancestors 'none'; frame-src render.githubusercontent.com viewscreen.githubusercontent.com viewscreen-lab.githubusercontent.com; img-src 'self' data: github.githubassets.com identicons.github.com collector.githubapp.com github-cloud.s3.amazonaws.com secured-user-images.githubusercontent.com/ *.githubusercontent.com; manifest-src 'self'; media-src github.com user-images.githubusercontent.com/; script-src github.githubassets.com; style-src 'unsafe-inline' github.githubassets.com; worker-src github.com/javascripts/worker/ gist.github.com/javascripts/worker/ github.com/socket-worker-0af8a29d.js gist.github.com/socket-worker-0af8a29d.js","x-github-request-id":"85E5:F6B6:8286BB:878B2A:6155DD31"}
[debug] [2021-09-30T15:52:17.979Z] >>> [apiv2][query] GET https://api.github.com/user [none]
[debug] [2021-09-30T15:52:18.260Z] <<< [apiv2][status] GET https://api.github.com/user 200
[debug] [2021-09-30T15:52:18.260Z] <<< [apiv2][body] GET https://api.github.com/user {"login":"PullingStrings","id":27218761,"node_id":"MDQ6VXNlcjI3MjE4NzYx","avatar_url":"https://avatars.githubusercontent.com/u/27218761?v=4","gravatar_id":"","url":"https://api.github.com/users/PullingStrings","html_url":"https://github.com/PullingStrings","followers_url":"https://api.github.com/users/PullingStrings/followers","following_url":"https://api.github.com/users/PullingStrings/following{/other_user}","gists_url":"https://api.github.com/users/PullingStrings/gists{/gist_id}","starred_url":"https://api.github.com/users/PullingStrings/starred{/owner}{/repo}","subscriptions_url":"https://api.github.com/users/PullingStrings/subscriptions","organizations_url":"https://api.github.com/users/PullingStrings/orgs","repos_url":"https://api.github.com/users/PullingStrings/repos","events_url":"https://api.github.com/users/PullingStrings/events{/privacy}","received_events_url":"https://api.github.com/users/PullingStrings/received_events","type":"User","site_admin":false,"name":null,"company":null,"blog":"","location":"London ","email":null,"hireable":null,"bio":"Web developer, musician, and artist","twitter_username":null,"public_repos":41,"public_gists":1,"followers":0,"following":0,"created_at":"2017-04-10T14:06:52Z","updated_at":"2021-09-30T11:25:26Z","private_gists":0,"total_private_repos":2,"owned_private_repos":2,"disk_usage":359810,"collaborators":0,"two_factor_authentication":true,"plan":{"name":"free","space":976562499,"collaborators":0,"private_repos":10000}}
[info] 
[info] ✔  Success! Logged into GitHub as PullingStrings 
[info] 
[debug] [2021-09-30T15:53:19.242Z] >>> [apiv2][query] GET https://api.github.com/repos/ARtito/actions/secrets/public-key type=owner
[debug] [2021-09-30T15:53:19.500Z] <<< [apiv2][status] GET https://api.github.com/repos/ARtito/actions/secrets/public-key 404
[debug] [2021-09-30T15:53:19.500Z] <<< [apiv2][body] GET https://api.github.com/repos/ARtito/actions/secrets/public-key {"message":"Not Found","documentation_url":"https://docs.github.com/rest"}
[debug] [2021-09-30T15:53:34.717Z] >>> [apiv2][query] GET https://api.github.com/repos/ARtito/actions/secrets/public-key type=owner
[debug] [2021-09-30T15:53:34.931Z] <<< [apiv2][status] GET https://api.github.com/repos/ARtito/actions/secrets/public-key 404
[debug] [2021-09-30T15:53:34.931Z] <<< [apiv2][body] GET https://api.github.com/repos/ARtito/actions/secrets/public-key {"message":"Not Found","documentation_url":"https://docs.github.com/rest"}
[debug] [2021-09-30T15:53:41.861Z] >>> [apiv2][query] GET https://api.github.com/repos/ARtito/actions/secrets/public-key type=owner
[debug] [2021-09-30T15:53:42.073Z] <<< [apiv2][status] GET https://api.github.com/repos/ARtito/actions/secrets/public-key 404
[debug] [2021-09-30T15:53:42.074Z] <<< [apiv2][body] GET https://api.github.com/repos/ARtito/actions/secrets/public-key {"message":"Not Found","documentation_url":"https://docs.github.com/rest"}
